Analysis & Synthesis report for DoAn
Sun Dec 01 20:08:52 2024
Quartus II 64-Bit Version 13.0.1 Build 232 06/12/2013 Service Pack 1 SJ Web Edition


---------------------
; Table of Contents ;
---------------------
  1. Legal Notice
  2. Analysis & Synthesis Summary
  3. Analysis & Synthesis Settings
  4. Parallel Compilation
  5. Analysis & Synthesis Source Files Read
  6. Analysis & Synthesis Resource Usage Summary
  7. Analysis & Synthesis Resource Utilization by Entity
  8. Analysis & Synthesis IP Cores Summary
  9. General Register Statistics
 10. Parameter Settings for User Entity Instance: RRI:inst28|extend7to16:inst1|lpm_constant0:inst|lpm_constant:LPM_CONSTANT_component
 11. Elapsed Time Per Partition
 12. Analysis & Synthesis Messages



----------------
; Legal Notice ;
----------------
Copyright (C) 1991-2013 Altera Corporation
Your use of Altera Corporation's design tools, logic functions 
and other software and tools, and its AMPP partner logic 
functions, and any output files from any of the foregoing 
(including device programming or simulation files), and any 
associated documentation or information are expressly subject 
to the terms and conditions of the Altera Program License 
Subscription Agreement, Altera MegaCore Function License 
Agreement, or other applicable license agreement, including, 
without limitation, that your use is for the sole purpose of 
programming logic devices manufactured by Altera and sold by 
Altera or its authorized distributors.  Please refer to the 
applicable agreement for further details.



+--------------------------------------------------------------------------------------+
; Analysis & Synthesis Summary                                                         ;
+------------------------------------+-------------------------------------------------+
; Analysis & Synthesis Status        ; Successful - Sun Dec 01 20:08:52 2024           ;
; Quartus II 64-Bit Version          ; 13.0.1 Build 232 06/12/2013 SP 1 SJ Web Edition ;
; Revision Name                      ; DoAn                                            ;
; Top-level Entity Name              ; DoAn                                            ;
; Family                             ; Cyclone II                                      ;
; Total logic elements               ; 31                                              ;
;     Total combinational functions  ; 31                                              ;
;     Dedicated logic registers      ; 0                                               ;
; Total registers                    ; 0                                               ;
; Total pins                         ; 57                                              ;
; Total virtual pins                 ; 0                                               ;
; Total memory bits                  ; 0                                               ;
; Embedded Multiplier 9-bit elements ; 0                                               ;
; Total PLLs                         ; 0                                               ;
+------------------------------------+-------------------------------------------------+


+----------------------------------------------------------------------------------------------------------------------+
; Analysis & Synthesis Settings                                                                                        ;
+----------------------------------------------------------------------------+--------------------+--------------------+
; Option                                                                     ; Setting            ; Default Value      ;
+----------------------------------------------------------------------------+--------------------+--------------------+
; Device                                                                     ; EP2C35F672C6       ;                    ;
; Top-level entity name                                                      ; DoAn               ; DoAn               ;
; Family name                                                                ; Cyclone II         ; Cyclone IV GX      ;
; Use smart compilation                                                      ; Off                ; Off                ;
; Enable parallel Assembler and TimeQuest Timing Analyzer during compilation ; On                 ; On                 ;
; Enable compact report table                                                ; Off                ; Off                ;
; Restructure Multiplexers                                                   ; Auto               ; Auto               ;
; Create Debugging Nodes for IP Cores                                        ; Off                ; Off                ;
; Preserve fewer node names                                                  ; On                 ; On                 ;
; Disable OpenCore Plus hardware evaluation                                  ; Off                ; Off                ;
; Verilog Version                                                            ; Verilog_2001       ; Verilog_2001       ;
; VHDL Version                                                               ; VHDL_1993          ; VHDL_1993          ;
; State Machine Processing                                                   ; Auto               ; Auto               ;
; Safe State Machine                                                         ; Off                ; Off                ;
; Extract Verilog State Machines                                             ; On                 ; On                 ;
; Extract VHDL State Machines                                                ; On                 ; On                 ;
; Ignore Verilog initial constructs                                          ; Off                ; Off                ;
; Iteration limit for constant Verilog loops                                 ; 5000               ; 5000               ;
; Iteration limit for non-constant Verilog loops                             ; 250                ; 250                ;
; Add Pass-Through Logic to Inferred RAMs                                    ; On                 ; On                 ;
; Infer RAMs from Raw Logic                                                  ; On                 ; On                 ;
; Parallel Synthesis                                                         ; On                 ; On                 ;
; DSP Block Balancing                                                        ; Auto               ; Auto               ;
; NOT Gate Push-Back                                                         ; On                 ; On                 ;
; Power-Up Don't Care                                                        ; On                 ; On                 ;
; Remove Redundant Logic Cells                                               ; Off                ; Off                ;
; Remove Duplicate Registers                                                 ; On                 ; On                 ;
; Ignore CARRY Buffers                                                       ; Off                ; Off                ;
; Ignore CASCADE Buffers                                                     ; Off                ; Off                ;
; Ignore GLOBAL Buffers                                                      ; Off                ; Off                ;
; Ignore ROW GLOBAL Buffers                                                  ; Off                ; Off                ;
; Ignore LCELL Buffers                                                       ; Off                ; Off                ;
; Ignore SOFT Buffers                                                        ; On                 ; On                 ;
; Limit AHDL Integers to 32 Bits                                             ; Off                ; Off                ;
; Optimization Technique                                                     ; Balanced           ; Balanced           ;
; Carry Chain Length                                                         ; 70                 ; 70                 ;
; Auto Carry Chains                                                          ; On                 ; On                 ;
; Auto Open-Drain Pins                                                       ; On                 ; On                 ;
; Perform WYSIWYG Primitive Resynthesis                                      ; Off                ; Off                ;
; Auto ROM Replacement                                                       ; On                 ; On                 ;
; Auto RAM Replacement                                                       ; On                 ; On                 ;
; Auto Shift Register Replacement                                            ; Auto               ; Auto               ;
; Allow Shift Register Merging across Hierarchies                            ; Auto               ; Auto               ;
; Auto Clock Enable Replacement                                              ; On                 ; On                 ;
; Strict RAM Replacement                                                     ; Off                ; Off                ;
; Allow Synchronous Control Signals                                          ; On                 ; On                 ;
; Force Use of Synchronous Clear Signals                                     ; Off                ; Off                ;
; Auto RAM to Logic Cell Conversion                                          ; Off                ; Off                ;
; Auto Resource Sharing                                                      ; Off                ; Off                ;
; Allow Any RAM Size For Recognition                                         ; Off                ; Off                ;
; Allow Any ROM Size For Recognition                                         ; Off                ; Off                ;
; Allow Any Shift Register Size For Recognition                              ; Off                ; Off                ;
; Use LogicLock Constraints during Resource Balancing                        ; On                 ; On                 ;
; Ignore translate_off and synthesis_off directives                          ; Off                ; Off                ;
; Timing-Driven Synthesis                                                    ; Off                ; Off                ;
; Report Parameter Settings                                                  ; On                 ; On                 ;
; Report Source Assignments                                                  ; On                 ; On                 ;
; Report Connectivity Checks                                                 ; On                 ; On                 ;
; Ignore Maximum Fan-Out Assignments                                         ; Off                ; Off                ;
; Synchronization Register Chain Length                                      ; 2                  ; 2                  ;
; PowerPlay Power Optimization                                               ; Normal compilation ; Normal compilation ;
; HDL message level                                                          ; Level2             ; Level2             ;
; Suppress Register Optimization Related Messages                            ; Off                ; Off                ;
; Number of Removed Registers Reported in Synthesis Report                   ; 5000               ; 5000               ;
; Number of Swept Nodes Reported in Synthesis Report                         ; 5000               ; 5000               ;
; Number of Inverted Registers Reported in Synthesis Report                  ; 100                ; 100                ;
; Clock MUX Protection                                                       ; On                 ; On                 ;
; Auto Gated Clock Conversion                                                ; Off                ; Off                ;
; Block Design Naming                                                        ; Auto               ; Auto               ;
; SDC constraint protection                                                  ; Off                ; Off                ;
; Synthesis Effort                                                           ; Auto               ; Auto               ;
; Shift Register Replacement - Allow Asynchronous Clear Signal               ; On                 ; On                 ;
; Pre-Mapping Resynthesis Optimization                                       ; Off                ; Off                ;
; Analysis & Synthesis Message Level                                         ; Medium             ; Medium             ;
; Disable Register Merging Across Hierarchies                                ; Auto               ; Auto               ;
; Resource Aware Inference For Block RAM                                     ; On                 ; On                 ;
; Synthesis Seed                                                             ; 1                  ; 1                  ;
+----------------------------------------------------------------------------+--------------------+--------------------+


Parallel compilation was disabled, but you have multiple processors available. Enable parallel compilation to reduce compilation time.
+-------------------------------------+
; Parallel Compilation                ;
+----------------------------+--------+
; Processors                 ; Number ;
+----------------------------+--------+
; Number detected on machine ; 4      ;
; Maximum allowed            ; 1      ;
+----------------------------+--------+


+------------------------------------------------------------------------------------------------------------------------------------------------------------------------+
; Analysis & Synthesis Source Files Read                                                                                                                                 ;
+----------------------------------+-----------------+------------------------------------+--------------------------------------------------------------------+---------+
; File Name with User-Entered Path ; Used in Netlist ; File Type                          ; File Name with Absolute Path                                       ; Library ;
+----------------------------------+-----------------+------------------------------------+--------------------------------------------------------------------+---------+
; extend7to16.bdf                  ; yes             ; User Block Diagram/Schematic File  ; C:/DoAnLLS/extend7to16.bdf                                         ;         ;
; DoAn.bdf                         ; yes             ; User Block Diagram/Schematic File  ; C:/DoAnLLS/DoAn.bdf                                                ;         ;
; RRR.bdf                          ; yes             ; User Block Diagram/Schematic File  ; C:/DoAnLLS/RRR.bdf                                                 ;         ;
; RRI.bdf                          ; yes             ; User Block Diagram/Schematic File  ; C:/DoAnLLS/RRI.bdf                                                 ;         ;
; RI.bdf                           ; yes             ; User Block Diagram/Schematic File  ; C:/DoAnLLS/RI.bdf                                                  ;         ;
; lpm_constant0.vhd                ; yes             ; User Wizard-Generated File         ; C:/DoAnLLS/lpm_constant0.vhd                                       ;         ;
; extend10to16.bdf                 ; yes             ; User Block Diagram/Schematic File  ; C:/DoAnLLS/extend10to16.bdf                                        ;         ;
; lpm_constant.tdf                 ; yes             ; Megafunction                       ; c:/altera/13.0sp1/quartus/libraries/megafunctions/lpm_constant.tdf ;         ;
+----------------------------------+-----------------+------------------------------------+--------------------------------------------------------------------+---------+


+-----------------------------------------------------+
; Analysis & Synthesis Resource Usage Summary         ;
+---------------------------------------------+-------+
; Resource                                    ; Usage ;
+---------------------------------------------+-------+
; Estimated Total logic elements              ; 31    ;
;                                             ;       ;
; Total combinational functions               ; 31    ;
; Logic element usage by number of LUT inputs ;       ;
;     -- 4 input functions                    ; 16    ;
;     -- 3 input functions                    ; 12    ;
;     -- <=2 input functions                  ; 3     ;
;                                             ;       ;
; Logic elements by mode                      ;       ;
;     -- normal mode                          ; 31    ;
;     -- arithmetic mode                      ; 0     ;
;                                             ;       ;
; Total registers                             ; 0     ;
;     -- Dedicated logic registers            ; 0     ;
;     -- I/O registers                        ; 0     ;
;                                             ;       ;
; I/O pins                                    ; 57    ;
; Embedded Multiplier 9-bit elements          ; 0     ;
; Maximum fan-out node                        ; I[15] ;
; Maximum fan-out                             ; 30    ;
; Total fan-out                               ; 147   ;
; Average fan-out                             ; 1.67  ;
+---------------------------------------------+-------+


+-----------------------------------------------------------------------------------------------------------------------------------------------------------------------------+
; Analysis & Synthesis Resource Utilization by Entity                                                                                                                         ;
+----------------------------+-------------------+--------------+-------------+--------------+---------+-----------+------+--------------+---------------------+--------------+
; Compilation Hierarchy Node ; LC Combinationals ; LC Registers ; Memory Bits ; DSP Elements ; DSP 9x9 ; DSP 18x18 ; Pins ; Virtual Pins ; Full Hierarchy Name ; Library Name ;
+----------------------------+-------------------+--------------+-------------+--------------+---------+-----------+------+--------------+---------------------+--------------+
; |DoAn                      ; 31 (31)           ; 0 (0)        ; 0           ; 0            ; 0       ; 0         ; 57   ; 0            ; |DoAn               ; work         ;
+----------------------------+-------------------+--------------+-------------+--------------+---------+-----------+------+--------------+---------------------+--------------+
Note: For table entries with two numbers listed, the numbers in parentheses indicate the number of resources of the given type used by the specific entity alone. The numbers listed outside of parentheses indicate the total resources of the given type used by the specific entity and all of its sub-entities in the hierarchy.


+------------------------------------------------------------------------------------------------------------------------------------------------------+
; Analysis & Synthesis IP Cores Summary                                                                                                                ;
+--------+--------------+---------+--------------+--------------+-------------------------------------------------------+------------------------------+
; Vendor ; IP Core Name ; Version ; Release Date ; License Type ; Entity Instance                                       ; IP Include File              ;
+--------+--------------+---------+--------------+--------------+-------------------------------------------------------+------------------------------+
; Altera ; LPM_CONSTANT ; 13.0    ; N/A          ; N/A          ; |DoAn|RRI:inst28|extend7to16:inst1|lpm_constant0:inst ; C:/DoAnLLS/lpm_constant0.vhd ;
+--------+--------------+---------+--------------+--------------+-------------------------------------------------------+------------------------------+


+------------------------------------------------------+
; General Register Statistics                          ;
+----------------------------------------------+-------+
; Statistic                                    ; Value ;
+----------------------------------------------+-------+
; Total registers                              ; 0     ;
; Number of registers using Synchronous Clear  ; 0     ;
; Number of registers using Synchronous Load   ; 0     ;
; Number of registers using Asynchronous Clear ; 0     ;
; Number of registers using Asynchronous Load  ; 0     ;
; Number of registers using Clock Enable       ; 0     ;
; Number of registers using Preset             ; 0     ;
+----------------------------------------------+-------+


+----------------------------------------------------------------------------------------------------------------------------------+
; Parameter Settings for User Entity Instance: RRI:inst28|extend7to16:inst1|lpm_constant0:inst|lpm_constant:LPM_CONSTANT_component ;
+--------------------+------------------+------------------------------------------------------------------------------------------+
; Parameter Name     ; Value            ; Type                                                                                     ;
+--------------------+------------------+------------------------------------------------------------------------------------------+
; LPM_WIDTH          ; 9                ; Signed Integer                                                                           ;
; LPM_CVALUE         ; 0                ; Signed Integer                                                                           ;
; ENABLE_RUNTIME_MOD ; NO               ; Untyped                                                                                  ;
; CBXI_PARAMETER     ; lpm_constant_bh6 ; Untyped                                                                                  ;
+--------------------+------------------+------------------------------------------------------------------------------------------+
Note: In order to hide this table in the UI and the text report file, please set the "Show Parameter Settings in Synthesis Report" option in "Analysis and Synthesis Settings -> More Settings" to "Off".


+-------------------------------+
; Elapsed Time Per Partition    ;
+----------------+--------------+
; Partition Name ; Elapsed Time ;
+----------------+--------------+
; Top            ; 00:00:01     ;
+----------------+--------------+


+-------------------------------+
; Analysis & Synthesis Messages ;
+-------------------------------+
Info: *******************************************************************
Info: Running Quartus II 64-Bit Analysis & Synthesis
    Info: Version 13.0.1 Build 232 06/12/2013 Service Pack 1 SJ Web Edition
    Info: Processing started: Sun Dec 01 20:08:44 2024
Info: Command: quartus_map --read_settings_files=on --write_settings_files=off DoAn -c DoAn
Warning (20028): Parallel compilation is not licensed and has been disabled
Info (12021): Found 1 design units, including 1 entities, in source file extend7to16.bdf
    Info (12023): Found entity 1: extend7to16
Info (12021): Found 1 design units, including 1 entities, in source file doan.bdf
    Info (12023): Found entity 1: DoAn
Info (12021): Found 1 design units, including 1 entities, in source file rrr.bdf
    Info (12023): Found entity 1: RRR
Info (12021): Found 1 design units, including 1 entities, in source file rri.bdf
    Info (12023): Found entity 1: RRI
Info (12021): Found 1 design units, including 1 entities, in source file ri.bdf
    Info (12023): Found entity 1: RI
Info (12021): Found 1 design units, including 1 entities, in source file final.bdf
    Info (12023): Found entity 1: final
Info (12021): Found 2 design units, including 1 entities, in source file lpm_constant0.vhd
    Info (12022): Found design unit 1: lpm_constant0-SYN
    Info (12023): Found entity 1: lpm_constant0
Info (12021): Found 1 design units, including 1 entities, in source file extend10to16.bdf
    Info (12023): Found entity 1: extend10to16
Info (12127): Elaborating entity "DoAn" for the top level hierarchy
Info (12128): Elaborating entity "RRI" for hierarchy "RRI:inst28"
Info (12128): Elaborating entity "extend7to16" for hierarchy "RRI:inst28|extend7to16:inst1"
Info (12128): Elaborating entity "lpm_constant0" for hierarchy "RRI:inst28|extend7to16:inst1|lpm_constant0:inst"
Info (12128): Elaborating entity "lpm_constant" for hierarchy "RRI:inst28|extend7to16:inst1|lpm_constant0:inst|lpm_constant:LPM_CONSTANT_component"
Info (12130): Elaborated megafunction instantiation "RRI:inst28|extend7to16:inst1|lpm_constant0:inst|lpm_constant:LPM_CONSTANT_component"
Info (12133): Instantiated megafunction "RRI:inst28|extend7to16:inst1|lpm_constant0:inst|lpm_constant:LPM_CONSTANT_component" with the following parameter:
    Info (12134): Parameter "lpm_cvalue" = "0"
    Info (12134): Parameter "lpm_hint" = "ENABLE_RUNTIME_MOD=NO"
    Info (12134): Parameter "lpm_type" = "LPM_CONSTANT"
    Info (12134): Parameter "lpm_width" = "9"
Info (12128): Elaborating entity "RI" for hierarchy "RI:inst38"
Info (12128): Elaborating entity "extend10to16" for hierarchy "RI:inst38|extend10to16:inst1"
Info (12128): Elaborating entity "RRR" for hierarchy "RRR:inst11"
Warning (13046): Tri-state node(s) do not directly drive top-level pin(s)
    Warning (13049): Converted tri-state buffer "inst1[14]" feeding internal logic into a wire
    Warning (13049): Converted tri-state buffer "inst1[3]" feeding internal logic into a wire
    Warning (13049): Converted tri-state buffer "inst1[2]" feeding internal logic into a wire
    Warning (13049): Converted tri-state buffer "inst1[1]" feeding internal logic into a wire
    Warning (13049): Converted tri-state buffer "inst1[0]" feeding internal logic into a wire
Warning (13050): Open-drain buffer(s) that do not directly drive top-level pin(s) are removed
    Warning (13051): Converted the fanout from the open-drain buffer "inst6[15]" to the node "inst10" into a wire
    Warning (13051): Converted the fanout from the open-drain buffer "inst6[15]" to the node "inst14" into a wire
Warning (13046): Tri-state node(s) do not directly drive top-level pin(s)
    Warning (13047): Converted the fan-out from the tri-state buffer "inst15[13]" to the node "RI:inst38|inst27" into an OR gate
    Warning (13047): Converted the fan-out from the tri-state buffer "inst6[13]" to the node "RRI:inst28|inst2" into an OR gate
    Warning (13047): Converted the fan-out from the tri-state buffer "inst3[15]" to the node "inst12" into an OR gate
    Warning (13047): Converted the fan-out from the tri-state buffer "inst3[15]" to the node "inst152" into an OR gate
    Warning (13047): Converted the fan-out from the tri-state buffer "inst3[15]" to the node "inst16" into an OR gate
    Warning (13047): Converted the fan-out from the tri-state buffer "inst3[15]" to the node "inst22" into an OR gate
    Warning (13047): Converted the fan-out from the tri-state buffer "inst3[15]" to the node "inst32" into an OR gate
    Warning (13047): Converted the fan-out from the tri-state buffer "inst3[15]" to the node "inst34" into an OR gate
    Warning (13047): Converted the fan-out from the tri-state buffer "inst3[15]" to the node "inst35" into an OR gate
    Warning (13047): Converted the fan-out from the tri-state buffer "inst3[15]" to the node "inst351[2]" into an OR gate
    Warning (13047): Converted the fan-out from the tri-state buffer "inst3[15]" to the node "inst351[1]" into an OR gate
    Warning (13047): Converted the fan-out from the tri-state buffer "inst3[15]" to the node "inst351[0]" into an OR gate
    Warning (13047): Converted the fan-out from the tri-state buffer "inst3[15]" to the node "inst15[9]" into an OR gate
    Warning (13047): Converted the fan-out from the tri-state buffer "inst3[15]" to the node "inst15[8]" into an OR gate
    Warning (13047): Converted the fan-out from the tri-state buffer "inst3[15]" to the node "inst15[7]" into an OR gate
    Warning (13047): Converted the fan-out from the tri-state buffer "inst3[15]" to the node "inst15[6]" into an OR gate
    Warning (13047): Converted the fan-out from the tri-state buffer "inst3[15]" to the node "inst15[5]" into an OR gate
    Warning (13047): Converted the fan-out from the tri-state buffer "inst3[15]" to the node "inst15[4]" into an OR gate
    Warning (13047): Converted the fan-out from the tri-state buffer "inst3[15]" to the node "inst15[3]" into an OR gate
    Warning (13047): Converted the fan-out from the tri-state buffer "inst3[15]" to the node "inst15[2]" into an OR gate
    Warning (13047): Converted the fan-out from the tri-state buffer "inst3[15]" to the node "inst15[1]" into an OR gate
    Warning (13047): Converted the fan-out from the tri-state buffer "inst3[15]" to the node "inst15[0]" into an OR gate
    Warning (13047): Converted the fan-out from the tri-state buffer "inst3[15]" to the node "inst154[2]" into an OR gate
    Warning (13047): Converted the fan-out from the tri-state buffer "inst3[15]" to the node "inst154[1]" into an OR gate
    Warning (13047): Converted the fan-out from the tri-state buffer "inst3[15]" to the node "inst154[0]" into an OR gate
    Warning (13047): Converted the fan-out from the tri-state buffer "inst3[15]" to the node "inst18[2]" into an OR gate
    Warning (13047): Converted the fan-out from the tri-state buffer "inst3[15]" to the node "inst18[1]" into an OR gate
    Warning (13047): Converted the fan-out from the tri-state buffer "inst3[15]" to the node "inst18[0]" into an OR gate
    Warning (13047): Converted the fan-out from the tri-state buffer "inst3[15]" to the node "inst33[2]" into an OR gate
    Warning (13047): Converted the fan-out from the tri-state buffer "inst3[15]" to the node "inst33[1]" into an OR gate
    Warning (13047): Converted the fan-out from the tri-state buffer "inst3[15]" to the node "inst33[0]" into an OR gate
    Warning (13047): Converted the fan-out from the tri-state buffer "inst3[15]" to the node "inst20[2]" into an OR gate
    Warning (13047): Converted the fan-out from the tri-state buffer "inst3[15]" to the node "inst20[1]" into an OR gate
    Warning (13047): Converted the fan-out from the tri-state buffer "inst3[15]" to the node "inst20[0]" into an OR gate
    Warning (13047): Converted the fan-out from the tri-state buffer "inst3[15]" to the node "inst36[1]" into an OR gate
    Warning (13047): Converted the fan-out from the tri-state buffer "inst3[15]" to the node "inst36[0]" into an OR gate
    Warning (13047): Converted the fan-out from the tri-state buffer "inst3[15]" to the node "inst10" into an OR gate
    Warning (13047): Converted the fan-out from the tri-state buffer "inst3[15]" to the node "inst14" into an OR gate
    Warning (13047): Converted the fan-out from the tri-state buffer "inst3[15]" to the node "inst156" into an OR gate
    Warning (13047): Converted the fan-out from the tri-state buffer "inst3[15]" to the node "inst21" into an OR gate
    Warning (13047): Converted the fan-out from the tri-state buffer "inst3[15]" to the node "inst30" into an OR gate
    Warning (13047): Converted the fan-out from the tri-state buffer "inst3[15]" to the node "inst281" into an OR gate
    Warning (13047): Converted the fan-out from the tri-state buffer "inst3[15]" to the node "inst271" into an OR gate
    Warning (13047): Converted the fan-out from the tri-state buffer "inst3[15]" to the node "inst261[2]" into an OR gate
    Warning (13047): Converted the fan-out from the tri-state buffer "inst3[15]" to the node "inst261[1]" into an OR gate
    Warning (13047): Converted the fan-out from the tri-state buffer "inst3[15]" to the node "inst261[0]" into an OR gate
    Warning (13047): Converted the fan-out from the tri-state buffer "inst3[15]" to the node "inst6[6]" into an OR gate
    Warning (13047): Converted the fan-out from the tri-state buffer "inst3[15]" to the node "inst6[5]" into an OR gate
    Warning (13047): Converted the fan-out from the tri-state buffer "inst3[15]" to the node "inst6[4]" into an OR gate
    Warning (13047): Converted the fan-out from the tri-state buffer "inst3[15]" to the node "inst6[3]" into an OR gate
    Warning (13047): Converted the fan-out from the tri-state buffer "inst3[15]" to the node "inst6[2]" into an OR gate
    Warning (13047): Converted the fan-out from the tri-state buffer "inst3[15]" to the node "inst6[1]" into an OR gate
    Warning (13047): Converted the fan-out from the tri-state buffer "inst3[15]" to the node "inst6[0]" into an OR gate
    Warning (13047): Converted the fan-out from the tri-state buffer "inst3[15]" to the node "inst6[12]" into an OR gate
    Warning (13047): Converted the fan-out from the tri-state buffer "inst3[15]" to the node "inst6[11]" into an OR gate
    Warning (13047): Converted the fan-out from the tri-state buffer "inst3[15]" to the node "inst6[10]" into an OR gate
    Warning (13047): Converted the fan-out from the tri-state buffer "inst3[15]" to the node "inst17[2]" into an OR gate
    Warning (13047): Converted the fan-out from the tri-state buffer "inst3[15]" to the node "inst17[1]" into an OR gate
    Warning (13047): Converted the fan-out from the tri-state buffer "inst3[15]" to the node "inst17[0]" into an OR gate
    Warning (13047): Converted the fan-out from the tri-state buffer "inst3[15]" to the node "inst262[2]" into an OR gate
    Warning (13047): Converted the fan-out from the tri-state buffer "inst3[15]" to the node "inst262[1]" into an OR gate
    Warning (13047): Converted the fan-out from the tri-state buffer "inst3[15]" to the node "inst262[0]" into an OR gate
    Warning (13047): Converted the fan-out from the tri-state buffer "inst3[15]" to the node "inst19[2]" into an OR gate
    Warning (13047): Converted the fan-out from the tri-state buffer "inst3[15]" to the node "inst19[1]" into an OR gate
    Warning (13047): Converted the fan-out from the tri-state buffer "inst3[15]" to the node "inst19[0]" into an OR gate
    Warning (13047): Converted the fan-out from the tri-state buffer "inst3[15]" to the node "inst291[1]" into an OR gate
    Warning (13047): Converted the fan-out from the tri-state buffer "inst3[15]" to the node "inst291[0]" into an OR gate
    Warning (13047): Converted the fan-out from the tri-state buffer "inst3[15]" to the node "inst39[15]" into an OR gate
    Warning (13047): Converted the fan-out from the tri-state buffer "inst3[15]" to the node "inst39[14]" into an OR gate
    Warning (13047): Converted the fan-out from the tri-state buffer "inst3[15]" to the node "inst39[13]" into an OR gate
    Warning (13047): Converted the fan-out from the tri-state buffer "inst3[15]" to the node "inst39[12]" into an OR gate
    Warning (13047): Converted the fan-out from the tri-state buffer "inst3[15]" to the node "inst39[11]" into an OR gate
    Warning (13047): Converted the fan-out from the tri-state buffer "inst3[15]" to the node "inst39[10]" into an OR gate
    Warning (13047): Converted the fan-out from the tri-state buffer "inst15[14]" to the node "inst22" into an OR gate
    Warning (13047): Converted the fan-out from the tri-state buffer "inst1[15]" to the node "inst111" into an OR gate
    Warning (13047): Converted the fan-out from the tri-state buffer "inst1[15]" to the node "inst151" into an OR gate
    Warning (13047): Converted the fan-out from the tri-state buffer "inst1[15]" to the node "inst157" into an OR gate
    Warning (13047): Converted the fan-out from the tri-state buffer "inst3[15]" to the node "inst15[15]" into an OR gate
    Warning (13047): Converted the fan-out from the tri-state buffer "inst3[15]" to the node "inst15[15]" into an OR gate
    Warning (13047): Converted the fan-out from the tri-state buffer "inst3[15]" to the node "inst15[15]" into an OR gate
    Warning (13047): Converted the fan-out from the tri-state buffer "inst3[15]" to the node "inst15[15]" into an OR gate
    Warning (13047): Converted the fan-out from the tri-state buffer "inst3[15]" to the node "inst3[14]" into an OR gate
    Warning (13047): Converted the fan-out from the tri-state buffer "inst3[15]" to the node "inst3[13]" into an OR gate
    Warning (13047): Converted the fan-out from the tri-state buffer "inst3[15]" to the node "inst3[12]" into an OR gate
    Warning (13047): Converted the fan-out from the tri-state buffer "inst3[15]" to the node "inst3[11]" into an OR gate
    Warning (13047): Converted the fan-out from the tri-state buffer "inst3[15]" to the node "inst3[10]" into an OR gate
    Warning (13047): Converted the fan-out from the tri-state buffer "inst3[15]" to the node "inst3[9]" into an OR gate
    Warning (13047): Converted the fan-out from the tri-state buffer "inst3[15]" to the node "inst3[8]" into an OR gate
    Warning (13047): Converted the fan-out from the tri-state buffer "inst3[15]" to the node "inst3[7]" into an OR gate
    Warning (13047): Converted the fan-out from the tri-state buffer "inst3[15]" to the node "inst3[6]" into an OR gate
    Warning (13047): Converted the fan-out from the tri-state buffer "inst3[15]" to the node "inst3[5]" into an OR gate
    Warning (13047): Converted the fan-out from the tri-state buffer "inst3[15]" to the node "inst3[4]" into an OR gate
    Warning (13047): Converted the fan-out from the tri-state buffer "inst3[15]" to the node "inst3[3]" into an OR gate
    Warning (13047): Converted the fan-out from the tri-state buffer "inst3[15]" to the node "inst3[2]" into an OR gate
    Warning (13047): Converted the fan-out from the tri-state buffer "inst3[15]" to the node "inst3[1]" into an OR gate
    Warning (13047): Converted the fan-out from the tri-state buffer "inst3[15]" to the node "inst3[0]" into an OR gate
    Warning (13047): Converted the fan-out from the tri-state buffer "inst3[15]" to the node "inst3[14]" into an OR gate
    Warning (13047): Converted the fan-out from the tri-state buffer "inst3[15]" to the node "inst3[13]" into an OR gate
    Warning (13047): Converted the fan-out from the tri-state buffer "inst3[15]" to the node "inst3[12]" into an OR gate
    Warning (13047): Converted the fan-out from the tri-state buffer "inst3[15]" to the node "inst3[11]" into an OR gate
    Warning (13047): Converted the fan-out from the tri-state buffer "inst3[15]" to the node "inst3[10]" into an OR gate
    Warning (13047): Converted the fan-out from the tri-state buffer "inst3[15]" to the node "inst3[9]" into an OR gate
    Warning (13047): Converted the fan-out from the tri-state buffer "inst3[15]" to the node "inst3[8]" into an OR gate
    Warning (13047): Converted the fan-out from the tri-state buffer "inst3[15]" to the node "inst3[7]" into an OR gate
    Warning (13047): Converted the fan-out from the tri-state buffer "inst3[15]" to the node "inst3[6]" into an OR gate
    Warning (13047): Converted the fan-out from the tri-state buffer "inst3[15]" to the node "inst3[5]" into an OR gate
    Warning (13047): Converted the fan-out from the tri-state buffer "inst3[15]" to the node "inst3[4]" into an OR gate
    Warning (13047): Converted the fan-out from the tri-state buffer "inst3[15]" to the node "inst3[3]" into an OR gate
    Warning (13047): Converted the fan-out from the tri-state buffer "inst3[15]" to the node "inst3[2]" into an OR gate
    Warning (13047): Converted the fan-out from the tri-state buffer "inst3[15]" to the node "inst3[1]" into an OR gate
    Warning (13047): Converted the fan-out from the tri-state buffer "inst3[15]" to the node "inst3[0]" into an OR gate
    Warning (13047): Converted the fan-out from the tri-state buffer "inst3[15]" to the node "inst3[12]" into an OR gate
    Warning (13047): Converted the fan-out from the tri-state buffer "inst3[15]" to the node "inst3[11]" into an OR gate
    Warning (13047): Converted the fan-out from the tri-state buffer "inst3[15]" to the node "inst3[10]" into an OR gate
    Warning (13047): Converted the fan-out from the tri-state buffer "inst15[14]" to the node "RI:inst38|inst20" into an OR gate
    Warning (13047): Converted the fan-out from the tri-state buffer "inst1[15]" to the node "RRR:inst11|inst5" into an OR gate
    Warning (13047): Converted the fan-out from the tri-state buffer "inst6[14]" to the node "RRI:inst28|inst2" into an OR gate
    Warning (13047): Converted the fan-out from the tri-state buffer "inst3[13]" to the node "inst15[13]" into an OR gate
    Warning (13047): Converted the fan-out from the tri-state buffer "inst3[15]" to the node "inst15[15]" into an OR gate
    Warning (13047): Converted the fan-out from the tri-state buffer "inst3[15]" to the node "inst15[14]" into an OR gate
    Warning (13047): Converted the fan-out from the tri-state buffer "inst3[15]" to the node "inst15[13]" into an OR gate
    Warning (13047): Converted the fan-out from the tri-state buffer "inst3[15]" to the node "inst15[12]" into an OR gate
    Warning (13047): Converted the fan-out from the tri-state buffer "inst3[15]" to the node "inst15[11]" into an OR gate
    Warning (13047): Converted the fan-out from the tri-state buffer "inst3[15]" to the node "inst15[10]" into an OR gate
    Warning (13047): Converted the fan-out from the tri-state buffer "inst3[15]" to the node "inst15[9]" into an OR gate
    Warning (13047): Converted the fan-out from the tri-state buffer "inst3[15]" to the node "inst15[8]" into an OR gate
    Warning (13047): Converted the fan-out from the tri-state buffer "inst3[15]" to the node "inst15[7]" into an OR gate
    Warning (13047): Converted the fan-out from the tri-state buffer "inst3[15]" to the node "inst15[6]" into an OR gate
    Warning (13047): Converted the fan-out from the tri-state buffer "inst3[15]" to the node "inst15[5]" into an OR gate
    Warning (13047): Converted the fan-out from the tri-state buffer "inst3[15]" to the node "inst15[4]" into an OR gate
    Warning (13047): Converted the fan-out from the tri-state buffer "inst3[15]" to the node "inst15[3]" into an OR gate
    Warning (13047): Converted the fan-out from the tri-state buffer "inst3[15]" to the node "inst15[2]" into an OR gate
    Warning (13047): Converted the fan-out from the tri-state buffer "inst3[15]" to the node "inst15[1]" into an OR gate
    Warning (13047): Converted the fan-out from the tri-state buffer "inst3[15]" to the node "inst15[0]" into an OR gate
    Warning (13047): Converted the fan-out from the tri-state buffer "inst3[15]" to the node "inst6[14]" into an OR gate
    Warning (13047): Converted the fan-out from the tri-state buffer "inst3[15]" to the node "inst6[13]" into an OR gate
    Warning (13047): Converted the fan-out from the tri-state buffer "inst3[15]" to the node "inst6[12]" into an OR gate
    Warning (13047): Converted the fan-out from the tri-state buffer "inst3[15]" to the node "inst6[11]" into an OR gate
    Warning (13047): Converted the fan-out from the tri-state buffer "inst3[15]" to the node "inst6[10]" into an OR gate
    Warning (13047): Converted the fan-out from the tri-state buffer "inst3[15]" to the node "inst6[9]" into an OR gate
    Warning (13047): Converted the fan-out from the tri-state buffer "inst3[15]" to the node "inst6[8]" into an OR gate
    Warning (13047): Converted the fan-out from the tri-state buffer "inst3[15]" to the node "inst6[7]" into an OR gate
    Warning (13047): Converted the fan-out from the tri-state buffer "inst3[15]" to the node "inst6[6]" into an OR gate
    Warning (13047): Converted the fan-out from the tri-state buffer "inst3[15]" to the node "inst6[5]" into an OR gate
    Warning (13047): Converted the fan-out from the tri-state buffer "inst3[15]" to the node "inst6[4]" into an OR gate
    Warning (13047): Converted the fan-out from the tri-state buffer "inst3[15]" to the node "inst6[3]" into an OR gate
    Warning (13047): Converted the fan-out from the tri-state buffer "inst3[15]" to the node "inst6[2]" into an OR gate
    Warning (13047): Converted the fan-out from the tri-state buffer "inst3[15]" to the node "inst6[1]" into an OR gate
    Warning (13047): Converted the fan-out from the tri-state buffer "inst3[15]" to the node "inst6[0]" into an OR gate
    Warning (13047): Converted the fan-out from the tri-state buffer "inst15[15]" to the node "inst32" into an OR gate
    Warning (13047): Converted the fan-out from the tri-state buffer "inst15[15]" to the node "inst351[1]" into an OR gate
    Warning (13047): Converted the fan-out from the tri-state buffer "inst15[15]" to the node "inst351[0]" into an OR gate
    Warning (13047): Converted the fan-out from the tri-state buffer "inst15[15]" to the node "inst33[2]" into an OR gate
    Warning (13047): Converted the fan-out from the tri-state buffer "inst15[15]" to the node "inst33[1]" into an OR gate
    Warning (13047): Converted the fan-out from the tri-state buffer "inst3[14]" to the node "inst15[14]" into an OR gate
    Warning (13047): Converted the fan-out from the tri-state buffer "inst3[15]" to the node "inst15[15]" into an OR gate
    Warning (13047): Converted the fan-out from the tri-state buffer "inst3[15]" to the node "inst15[12]" into an OR gate
    Warning (13047): Converted the fan-out from the tri-state buffer "inst3[15]" to the node "inst15[11]" into an OR gate
    Warning (13047): Converted the fan-out from the tri-state buffer "inst3[15]" to the node "inst15[10]" into an OR gate
    Warning (13047): Converted the fan-out from the tri-state buffer "inst3[15]" to the node "inst10" into an OR gate
    Warning (13047): Converted the fan-out from the tri-state buffer "inst3[15]" to the node "inst14" into an OR gate
    Warning (13047): Converted the fan-out from the tri-state buffer "inst3[15]" to the node "inst21" into an OR gate
    Warning (13047): Converted the fan-out from the tri-state buffer "inst15[15]" to the node "inst33[0]" into an OR gate
    Warning (13047): Converted the fan-out from the tri-state buffer "inst3[15]" to the node "inst291[0]" into an OR gate
Warning (13009): TRI or OPNDRN buffers permanently enabled
    Warning (13010): Node "inst10~synth"
    Warning (13010): Node "inst14~synth"
    Warning (13010): Node "inst16~synth"
    Warning (13010): Node "inst21~synth"
    Warning (13010): Node "inst32~synth"
    Warning (13010): Node "inst164~synth"
    Warning (13010): Node "inst271~synth"
    Warning (13010): Node "inst261[2]~synth"
    Warning (13010): Node "inst351[1]~synth"
    Warning (13010): Node "inst351[0]~synth"
    Warning (13010): Node "inst153[2]~synth"
    Warning (13010): Node "inst153[1]~synth"
    Warning (13010): Node "inst153[0]~synth"
    Warning (13010): Node "inst17[2]~synth"
    Warning (13010): Node "inst17[1]~synth"
    Warning (13010): Node "inst17[0]~synth"
    Warning (13010): Node "inst33[2]~synth"
    Warning (13010): Node "inst33[1]~synth"
    Warning (13010): Node "inst33[0]~synth"
    Warning (13010): Node "inst19[2]~synth"
    Warning (13010): Node "inst19[1]~synth"
    Warning (13010): Node "inst19[0]~synth"
    Warning (13010): Node "inst291[1]~synth"
    Warning (13010): Node "inst291[0]~synth"
Info (16010): Generating hard_block partition "hard_block:auto_generated_inst"
    Info (16011): Adding 0 node(s), including 0 DDIO, 0 PLL, 0 transceiver and 0 LCELL
Info (21057): Implemented 88 device resources after synthesis - the final resource count might be different
    Info (21058): Implemented 16 input pins
    Info (21059): Implemented 41 output pins
    Info (21061): Implemented 31 logic cells
Info: Quartus II 64-Bit Analysis & Synthesis was successful. 0 errors, 200 warnings
    Info: Peak virtual memory: 4639 megabytes
    Info: Processing ended: Sun Dec 01 20:08:52 2024
    Info: Elapsed time: 00:00:08
    Info: Total CPU time (on all processors): 00:00:04


